2020-02-16 16:41:07,694 INFO org.springframework.boot.StartupInfoLogger [main] Starting DocumentUploaderTest on MacBook-Pro-user-2.local with PID 33655 (started by user in /Users/user/IdeaProjects/Onboarding/document_uploader)
2020-02-16 16:41:07,696 INFO org.springframework.boot.SpringApplication [main] No active profile set, falling back to default profiles: default
2020-02-16 16:41:07,752 DEBUG org.springframework.context.support.AbstractApplicationContext [main] Refreshing org.springframework.web.context.support.GenericWebApplicationContext@6b09fb41
2020-02-16 16:41:09,044 INFO ae.rakbank.documentuploader.util.EnvironmentUtil [main] WEBAPPLY_DIR = /var/webapply
2020-02-16 16:41:09,045 INFO ae.rakbank.documentuploader.util.EnvironmentUtil [main] WEBAPPLY_ENV = dev
2020-02-16 16:41:09,059 INFO ae.rakbank.documentuploader.util.FileHelper [main] loading DocUploadConfig.json
2020-02-16 16:41:09,064 ERROR ae.rakbank.documentuploader.util.FileHelper [main] FileNotFoundException: Read JSON file from /var/webapply/config/DocUploadConfig.json
2020-02-16 16:41:09,064 INFO ae.rakbank.documentuploader.util.FileHelper [main] Read JSON file from classpath:DocUploadConfig.json
2020-02-16 16:41:09,092 INFO ae.rakbank.documentuploader.s3.ECSS3Factory [main] Configuring initial state
2020-02-16 16:41:09,092 INFO ae.rakbank.documentuploader.s3.ECSS3Factory [main] WEBAPPLY_DIR = /var/webapply
2020-02-16 16:41:09,093 INFO ae.rakbank.documentuploader.s3.ECSS3Factory [main] WEBAPPLY_ENV = dev
2020-02-16 16:41:09,497 DEBUG org.springframework.web.servlet.handler.SimpleUrlHandlerMapping [main] Patterns [/**/favicon.ico] in 'faviconHandlerMapping'
2020-02-16 16:41:09,710 INFO org.springframework.scheduling.concurrent.ExecutorConfigurationSupport [main] Initializing ExecutorService 'applicationTaskExecutor'
2020-02-16 16:41:09,732 DEBUG org.springframework.web.servlet.mvc.method.annotation.RequestMappingHandlerAdapter [main] ControllerAdvice beans: 0 @ModelAttribute, 0 @InitBinder, 1 RequestBodyAdvice, 1 ResponseBodyAdvice
2020-02-16 16:41:09,801 TRACE org.springframework.web.servlet.handler.AbstractHandlerMethodMapping [main] 
	a.r.d.c.DocumentUploadController:
	{GET /api/v1/health, produces [application/json]}: health()
	{POST /api/v1/banks/RAK/prospects/{prospectId}/documents, consumes [multipart/form-data], produces [application/json]}: handleUploadDocument(MultipartFile,String,String)
	{PUT /api/v1/banks/RAK/prospects/{prospectId}/documents, consumes [multipart/form-data], produces [application/json]}: handleReUploadDocument(MultipartFile,String,String)
2020-02-16 16:41:09,807 TRACE org.springframework.web.servlet.handler.AbstractHandlerMethodMapping [main] 
	o.s.b.a.w.s.e.BasicErrorController:
	{ /error}: error(HttpServletRequest)
	{ /error, produces [text/html]}: errorHtml(HttpServletRequest,HttpServletResponse)
2020-02-16 16:41:09,809 DEBUG org.springframework.web.servlet.handler.AbstractHandlerMethodMapping [main] 5 mappings in 'requestMappingHandlerMapping'
2020-02-16 16:41:09,836 DEBUG org.springframework.web.servlet.handler.SimpleUrlHandlerMapping [main] Patterns [/webjars/**, /**] in 'resourceHandlerMapping'
2020-02-16 16:41:09,851 DEBUG org.springframework.web.servlet.mvc.method.annotation.ExceptionHandlerExceptionResolver [main] ControllerAdvice beans: 1 @ExceptionHandler, 1 ResponseBodyAdvice
2020-02-16 16:41:10,006 INFO org.springframework.scheduling.concurrent.ExecutorConfigurationSupport [main] Initializing ExecutorService 'taskScheduler'
2020-02-16 16:41:10,066 INFO org.springframework.mock.web.MockServletContext [main] Initializing Spring TestDispatcherServlet ''
2020-02-16 16:41:10,067 INFO org.springframework.web.servlet.FrameworkServlet [main] Initializing Servlet ''
2020-02-16 16:41:10,079 INFO org.springframework.web.servlet.FrameworkServlet [main] Completed initialization in 12 ms
2020-02-16 16:41:10,108 INFO org.springframework.boot.StartupInfoLogger [main] Started DocumentUploaderTest in 2.806 seconds (JVM running for 3.61)
2020-02-16 16:41:10,153 TRACE org.springframework.web.servlet.handler.AbstractHandlerMapping [main] Mapped to public org.springframework.http.ResponseEntity<java.lang.Object> ae.rakbank.documentuploader.controller.DocumentUploadController.handleUploadDocument(org.springframework.web.multipart.MultipartFile,java.lang.String,java.lang.String)
2020-02-16 16:41:10,168 TRACE org.springframework.web.method.support.InvocableHandlerMethod [main] Arguments: [org.springframework.mock.web.MockMultipartFile@5f7989fa, {"documentKey":"SampleDocFromTestCase"}, cosme0001]
2020-02-16 16:41:10,169 INFO ae.rakbank.documentuploader.controller.DocumentUploadController [main] [Begin] processUploadRequest() method, prospectId=cosme0001, originalFilename=[filename.txt], filesize=8, fileInfo= {"documentKey":"SampleDocFromTestCase"}
2020-02-16 16:41:10,169 INFO ae.rakbank.documentuploader.controller.DocumentUploadController [main] [Begin] saveUploadedFile() method, prospectId=cosme0001, originalFilename=[filename.txt], filesize=8
2020-02-16 16:41:10,179 INFO ae.rakbank.documentuploader.controller.DocumentUploadController [main] [End] saveUploadedFile() method, UPLOAD SUCCESS for prospectId=cosme0001, originalFilename=[filename.txt], filesize=8
2020-02-16 16:41:10,188 DEBUG org.springframework.web.servlet.mvc.method.annotation.AbstractMessageConverterMethodProcessor [main] Using 'application/json', given [*/*] and supported [application/json]
2020-02-16 16:41:10,191 TRACE org.springframework.core.log.LogFormatUtils [main] Writing [{"fileName":null}]
2020-02-16 16:41:10,260 DEBUG org.springframework.context.support.AbstractApplicationContext [Thread-3] Closing org.springframework.web.context.support.GenericWebApplicationContext@6b09fb41, started on Sun Feb 16 16:41:07 EET 2020
2020-02-16 16:41:10,264 INFO org.springframework.scheduling.concurrent.ExecutorConfigurationSupport [Thread-3] Shutting down ExecutorService 'taskScheduler'
2020-02-16 16:41:10,265 INFO org.springframework.scheduling.concurrent.ExecutorConfigurationSupport [Thread-3] Shutting down ExecutorService 'applicationTaskExecutor'
