2020-02-09 11:53:49,549 INFO org.springframework.boot.StartupInfoLogger [main] Starting DocumentUploaderTest on Orkhans-MacBook-Pro.local with PID 84440 (started by orkhanjafarov in /Users/orkhanjafarov/Documents/MyProjects/youpal/Onboarding/document_uploader)
2020-02-09 11:53:49,551 INFO org.springframework.boot.SpringApplication [main] No active profile set, falling back to default profiles: default
2020-02-09 11:53:49,572 DEBUG org.springframework.context.support.AbstractApplicationContext [main] Refreshing org.springframework.web.context.support.GenericWebApplicationContext@14dd7b39
2020-02-09 11:53:50,960 INFO ae.rakbank.documentuploader.commons.EnvironmentUtil [main] WEBAPPLY_DIR = /var/webapply
2020-02-09 11:53:50,960 INFO ae.rakbank.documentuploader.commons.EnvironmentUtil [main] WEBAPPLY_ENV = dev
2020-02-09 11:53:50,973 INFO ae.rakbank.documentuploader.helpers.FileHelper [main] loading DocUploadConfig.json
2020-02-09 11:53:50,977 ERROR ae.rakbank.documentuploader.helpers.FileHelper [main] FileNotFoundException: Read JSON file from /var/webapply/config/DocUploadConfig.json
2020-02-09 11:53:50,977 INFO ae.rakbank.documentuploader.helpers.FileHelper [main] Read JSON file from classpath:DocUploadConfig.json
2020-02-09 11:53:51,007 INFO ae.rakbank.documentuploader.s3.ECSS3Factory [main] Configuring initial state
2020-02-09 11:53:51,007 INFO ae.rakbank.documentuploader.s3.ECSS3Factory [main] WEBAPPLY_DIR = /var/webapply
2020-02-09 11:53:51,007 INFO ae.rakbank.documentuploader.s3.ECSS3Factory [main] WEBAPPLY_ENV = dev
2020-02-09 11:53:51,458 DEBUG org.springframework.web.servlet.handler.SimpleUrlHandlerMapping [main] Patterns [/**/favicon.ico] in 'faviconHandlerMapping'
2020-02-09 11:53:51,860 INFO org.springframework.scheduling.concurrent.ExecutorConfigurationSupport [main] Initializing ExecutorService 'applicationTaskExecutor'
2020-02-09 11:53:51,935 DEBUG org.springframework.web.servlet.mvc.method.annotation.RequestMappingHandlerAdapter [main] ControllerAdvice beans: 0 @ModelAttribute, 0 @InitBinder, 1 RequestBodyAdvice, 1 ResponseBodyAdvice
2020-02-09 11:53:52,135 TRACE org.springframework.web.servlet.handler.AbstractHandlerMethodMapping [main] 
	a.r.d.c.DocumentUploadController:
	{GET /api/v1/health, produces [application/json]}: health()
	{POST /api/v1/banks/RAK/prospects/{prospectId}/documents, consumes [multipart/form-data], produces [application/json]}: handleUploadDocument(MultipartFile,String,String)
	{PUT /api/v1/banks/RAK/prospects/{prospectId}/documents, consumes [multipart/form-data], produces [application/json]}: handleReUploadDocument(MultipartFile,String,String)
2020-02-09 11:53:52,147 TRACE org.springframework.web.servlet.handler.AbstractHandlerMethodMapping [main] 
	o.s.b.a.w.s.e.BasicErrorController:
	{ /error}: error(HttpServletRequest)
	{ /error, produces [text/html]}: errorHtml(HttpServletRequest,HttpServletResponse)
2020-02-09 11:53:52,154 DEBUG org.springframework.web.servlet.handler.AbstractHandlerMethodMapping [main] 5 mappings in 'requestMappingHandlerMapping'
2020-02-09 11:53:52,230 DEBUG org.springframework.web.servlet.handler.SimpleUrlHandlerMapping [main] Patterns [/webjars/**, /**] in 'resourceHandlerMapping'
2020-02-09 11:53:52,260 DEBUG org.springframework.web.servlet.mvc.method.annotation.ExceptionHandlerExceptionResolver [main] ControllerAdvice beans: 1 @ExceptionHandler, 1 ResponseBodyAdvice
2020-02-09 11:53:52,469 INFO org.springframework.scheduling.concurrent.ExecutorConfigurationSupport [main] Initializing ExecutorService 'taskScheduler'
2020-02-09 11:53:52,548 INFO org.springframework.mock.web.MockServletContext [main] Initializing Spring TestDispatcherServlet ''
2020-02-09 11:53:52,550 INFO org.springframework.web.servlet.FrameworkServlet [main] Initializing Servlet ''
2020-02-09 11:53:52,571 INFO org.springframework.web.servlet.FrameworkServlet [main] Completed initialization in 20 ms
2020-02-09 11:53:52,617 INFO org.springframework.boot.StartupInfoLogger [main] Started DocumentUploaderTest in 23.499 seconds (JVM running for 24.463)
2020-02-09 11:53:52,685 TRACE org.springframework.web.servlet.handler.AbstractHandlerMapping [main] Mapped to public org.springframework.http.ResponseEntity<java.lang.Object> ae.rakbank.documentuploader.controllers.DocumentUploadController.handleUploadDocument(org.springframework.web.multipart.MultipartFile,java.lang.String,java.lang.String)
2020-02-09 11:53:52,709 TRACE org.springframework.web.method.support.InvocableHandlerMethod [main] Arguments: [org.springframework.mock.web.MockMultipartFile@524a076e, {"documentKey":"SampleDocFromTestCase"}, cosme0001]
2020-02-09 11:53:52,710 INFO ae.rakbank.documentuploader.controllers.DocumentUploadController [main] [Begin] processUploadRequest() method, prospectId=cosme0001, originalFilename=[filename.txt], filesize=8, fileInfo= {"documentKey":"SampleDocFromTestCase"}
2020-02-09 11:53:52,710 INFO ae.rakbank.documentuploader.controllers.DocumentUploadController [main] [Begin] saveUploadedFile() method, prospectId=cosme0001, originalFilename=[filename.txt], filesize=8
2020-02-09 11:53:52,726 INFO ae.rakbank.documentuploader.controllers.DocumentUploadController [main] [End] saveUploadedFile() method, UPLOAD SUCCESS for prospectId=cosme0001, originalFilename=[filename.txt], filesize=8
2020-02-09 11:53:52,743 DEBUG org.springframework.web.servlet.mvc.method.annotation.AbstractMessageConverterMethodProcessor [main] Using 'application/json', given [*/*] and supported [application/json]
2020-02-09 11:53:52,749 TRACE org.springframework.core.log.LogFormatUtils [main] Writing [{"fileName":null}]
2020-02-09 11:53:52,800 DEBUG org.springframework.context.support.AbstractApplicationContext [Thread-3] Closing org.springframework.web.context.support.GenericWebApplicationContext@14dd7b39, started on Sun Feb 09 11:53:49 GST 2020
2020-02-09 11:53:52,804 INFO org.springframework.scheduling.concurrent.ExecutorConfigurationSupport [Thread-3] Shutting down ExecutorService 'taskScheduler'
2020-02-09 11:53:52,805 INFO org.springframework.scheduling.concurrent.ExecutorConfigurationSupport [Thread-3] Shutting down ExecutorService 'applicationTaskExecutor'
