2019-10-09 14:21:45,248 INFO o.s.b.StartupInfoLogger [main] Starting DocumentUploaderTest on C02Y909RJHCF with PID 33755 (started by dhanyakumarkv in /Users/dhanyakumarkv/Documents/GitRepos/Onboarding/document_uploader)
2019-10-09 14:21:45,249 DEBUG o.s.b.StartupInfoLogger [main] Running with Spring Boot v2.1.6.RELEASE, Spring v5.1.8.RELEASE
2019-10-09 14:21:45,250 INFO o.s.b.SpringApplication [main] No active profile set, falling back to default profiles: default
2019-10-09 14:21:45,273 DEBUG o.s.c.s.AbstractApplicationContext [main] Refreshing org.springframework.web.context.support.GenericWebApplicationContext@5ef5c734
2019-10-09 14:21:46,260 INFO a.r.d.h.FileHelper [main] loading DocUploadConfig.json
2019-10-09 14:21:46,264 ERROR a.r.d.c.EnvUtil [main] System property 'WEB_APPLY_DIR' not configured, load config files from classpath:
2019-10-09 14:21:46,264 ERROR a.r.d.c.EnvUtil [main] System property 'WEB_APPLY_ENV' not configured, defaulted to 'local'. Allowed values dev, uat, test or prod
2019-10-09 14:21:46,265 ERROR a.r.d.c.EnvUtil [main] null/config/ not found.
2019-10-09 14:21:46,266 ERROR a.r.d.c.EnvUtil [main] null/config/ not found.
2019-10-09 14:21:46,267 ERROR a.r.d.h.FileHelper [main] FileNotFoundException: Read JSON file from DocUploadConfig.json
2019-10-09 14:21:46,637 DEBUG o.s.w.s.h.SimpleUrlHandlerMapping [main] Patterns [/**/favicon.ico] in 'faviconHandlerMapping'
2019-10-09 14:21:46,797 INFO o.s.s.c.ExecutorConfigurationSupport [main] Initializing ExecutorService 'applicationTaskExecutor'
2019-10-09 14:21:46,813 DEBUG o.s.w.s.m.m.a.RequestMappingHandlerAdapter [main] ControllerAdvice beans: 0 @ModelAttribute, 0 @InitBinder, 1 RequestBodyAdvice, 1 ResponseBodyAdvice
2019-10-09 14:21:46,887 TRACE o.s.w.s.h.AbstractHandlerMethodMapping [main] 
	a.r.d.c.DocumentUploadController:
	{POST /banks/RAK/prospects/{prospectId}/documents}: handleFileUpload(MultipartFile[],RedirectAttributes,String)
2019-10-09 14:21:46,892 TRACE o.s.w.s.h.AbstractHandlerMethodMapping [main] 
	o.s.b.a.w.s.e.BasicErrorController:
	{ /error}: error(HttpServletRequest)
	{ /error, produces [text/html]}: errorHtml(HttpServletRequest,HttpServletResponse)
2019-10-09 14:21:46,894 DEBUG o.s.w.s.h.AbstractHandlerMethodMapping [main] 3 mappings in 'requestMappingHandlerMapping'
2019-10-09 14:21:46,926 DEBUG o.s.w.s.h.SimpleUrlHandlerMapping [main] Patterns [/webjars/**, /**] in 'resourceHandlerMapping'
2019-10-09 14:21:46,939 DEBUG o.s.w.s.m.m.a.ExceptionHandlerExceptionResolver [main] ControllerAdvice beans: 0 @ExceptionHandler, 1 ResponseBodyAdvice
2019-10-09 14:21:47,069 INFO o.s.s.c.ExecutorConfigurationSupport [main] Initializing ExecutorService 'taskScheduler'
2019-10-09 14:21:47,136 INFO o.s.m.w.MockServletContext [main] Initializing Spring TestDispatcherServlet ''
2019-10-09 14:21:47,137 INFO o.s.w.s.FrameworkServlet [main] Initializing Servlet ''
2019-10-09 14:21:47,149 INFO o.s.w.s.FrameworkServlet [main] Completed initialization in 12 ms
2019-10-09 14:21:47,175 INFO o.s.b.StartupInfoLogger [main] Started DocumentUploaderTest in 2.178 seconds (JVM running for 3.186)
2019-10-09 14:21:47,223 TRACE o.s.w.s.h.AbstractHandlerMapping [main] Mapped to public org.springframework.http.ResponseEntity<java.lang.Object> ae.rakbank.documentuploader.controllers.DocumentUploadController.handleFileUpload(org.springframework.web.multipart.MultipartFile[],org.springframework.web.servlet.mvc.support.RedirectAttributes,java.lang.String)
2019-10-09 14:21:47,239 TRACE o.s.w.m.s.InvocableHandlerMethod [main] Arguments: [[Lorg.springframework.web.multipart.MultipartFile;@4cbc2e3b, {}, cosme0001]
2019-10-09 14:21:47,245 INFO a.r.d.c.DocumentUploadController [main] Uploading document for cosme0001
2019-10-09 14:21:47,301 DEBUG o.s.w.s.m.m.a.AbstractMessageConverterMethodProcessor [main] Using 'application/json', given [*/*] and supported [application/json, application/*+json, application/json, application/*+json]
2019-10-09 14:21:47,302 TRACE o.s.c.l.LogFormatUtils [main] Writing [{message=You successfully uploaded test.txt!}]
2019-10-09 14:21:47,341 DEBUG o.s.w.s.h.AbstractHandlerMapping [main] Mapped to ResourceHttpRequestHandler ["classpath:/META-INF/resources/", "classpath:/resources/", "classpath:/static/", "classpath:/public/", "/"]
2019-10-09 14:21:47,343 DEBUG o.s.w.s.r.ResourceHttpRequestHandler [main] Resource not found
2019-10-09 14:21:47,381 DEBUG o.s.c.s.AbstractApplicationContext [Thread-3] Closing org.springframework.web.context.support.GenericWebApplicationContext@5ef5c734, started on Wed Oct 09 14:21:45 GST 2019
2019-10-09 14:21:47,383 INFO o.s.s.c.ExecutorConfigurationSupport [Thread-3] Shutting down ExecutorService 'taskScheduler'
2019-10-09 14:21:47,384 INFO o.s.s.c.ExecutorConfigurationSupport [Thread-3] Shutting down ExecutorService 'applicationTaskExecutor'
